<?xml version="1.0" encoding="UTF-8"?>
<!-- Generated by org.testng.reporters.JUnitReportReporter -->
<testsuite hostname="Sarvesh.local" failures="0" tests="1" name="com.github.fge.jsonpatch.diff.UnchangedTest" time="0.147" errors="0" timestamp="2023-01-18T17:01:13 IST" skipped="0">
  <testcase classname="com.github.fge.jsonpatch.diff.UnchangedTest" name="testCase1" time="0.147"/>
  <system-out/>
</testsuite> <!-- com.github.fge.jsonpatch.diff.UnchangedTest -->
